2019-01-24 18:00:42,660 - INFO - common.log - 用例路径：E:\project\ApiTest\cases\exmple.xlsx
2019-01-24 18:00:43,033 - INFO - common.log - 本次测试执行完毕，共耗时0.39秒，共执行用例：2条，成功：0条，失败：1条，阻塞：1条
2019-01-24 18:00:43,040 - INFO - common.log - 正在写入用例执行情况
[2019-01-24 18:03:43,697] INFO  [common.log] [log.py:57:info] 用例路径：E:\project\ApiTest\cases\exmple.xlsx
[2019-01-24 18:03:44,139] INFO  [common.log] [log.py:57:info] 本次测试执行完毕，共耗时0.46秒，共执行用例：2条，成功：0条，失败：1条，阻塞：1条
[2019-01-24 18:03:44,145] INFO  [common.log] [log.py:57:info] 正在写入用例执行情况
[2019-01-24 18:05:21,980] INFO  [common.log] [conDatabase.py:13:<module>] hhhh
[2019-01-24 18:07:06,489] INFO  [common.log] [conDatabase.py:13:<module>] hhhh
2019-01-24 18:07:52,035 - INFO  [common.log] [conDatabase.py:13:<module>] hhhh
2019-01-24 18:09:30,902 - INFO -common.log -conDatabase.py : 13 :<module> - hhhh
2019-01-24 18:09:49,539 - INFO -conDatabase.py : 13 :<module> - hhhh
2019-01-24 18:11:01,458 - INFO -parseExc.py : 22 :__init__ - 用例路径：E:\project\ApiTest\cases\exmple.xlsx
2019-01-24 18:11:02,087 - INFO -run.py : 277 :run - 本次测试执行完毕，共耗时0.64秒，共执行用例：2条，成功：0条，失败：1条，阻塞：1条
2019-01-24 18:11:02,094 - INFO -report.py : 147 :get_report - 正在写入用例执行情况
2019-01-24 18:13:39,360 - INFO -parseExc.py : 22 :__init__ - 用例路径：E:\project\ApiTest\cases\exmple.xlsx
2019-01-24 18:13:39,366 - INFO -run.py : 149 :run - 正在执行第1条用例
2019-01-24 18:13:39,542 - INFO -run.py : 149 :run - 正在执行第2条用例
2019-01-24 18:13:39,904 - INFO -run.py : 278 :run - 本次测试执行完毕，共耗时0.56秒，共执行用例：2条，成功：0条，失败：1条，阻塞：1条
2019-01-24 18:13:39,911 - INFO -report.py : 147 :get_report - 正在写入用例执行情况
2019-01-24 18:14:42,854 - INFO -parseExc.py : 22 :__init__ - 用例路径：E:\project\ApiTest\cases\exmple.xlsx
2019-01-24 18:14:42,858 - ERROR -run.py : 149 :run - 正在执行第1条用例
2019-01-24 18:14:43,002 - ERROR -run.py : 149 :run - 正在执行第2条用例
2019-01-24 18:14:43,376 - INFO -run.py : 278 :run - 本次测试执行完毕，共耗时0.53秒，共执行用例：2条，成功：0条，失败：1条，阻塞：1条
2019-01-24 18:14:43,381 - INFO -report.py : 147 :get_report - 正在写入用例执行情况
2019-01-24 18:15:08,898 - INFO -parseExc.py : 22 :__init__ - 用例路径：E:\project\ApiTest\cases\exmple.xlsx
2019-01-24 18:15:08,904 - INFO -run.py : 149 :run - 正在执行第1条用例
2019-01-24 18:15:09,120 - INFO -run.py : 149 :run - 正在执行第2条用例
2019-01-24 18:15:09,424 - INFO -run.py : 278 :run - 本次测试执行完毕，共耗时0.55秒，共执行用例：2条，成功：0条，失败：1条，阻塞：1条
2019-01-24 18:15:09,428 - INFO -report.py : 147 :get_report - 正在写入用例执行情况
